1 10 20
100 200 125
201 210 89
900 1000 174
10 1 20
200 100 125
210 201 89
1000 900 174
999990 999999 259
999999 999990 259
10 10 7
100 100 26
1000 1000 112
1 999990 525
568065 40899 470
447873 221412 449
297544 672131 470
293829 474185 449
836234 527750 468
96426 937901 525
265359 342314 416
614822 391656 470
232374 729476 470
818145 613312 468
854468 592317 525
782272 350730 470
475609 574855 470
212620 230805 443
840752 786531 525
818068 673910 468
552142 651793 447
2364 941179 525
253349 934464 525
480876 741982 470
74986 700846 470
616067 176154 470
769176 228008 470
878940 402728 525
421873 579755 470
591422 478273 470
232645 784439 470
993434 257274 525
765995 873258 525
562961 301916 470
691575 769126 468
288111 840204 525
694384 525979 452
531984 573055 452
603180 213211 470
41116 994862 525
123116 401036 443
151336 226709 386
734860 138011 470
704807 266500 470
428757 26804 449
204991 314888 443
23459 584147 470
486529 192401 449
744605 68145 470
710529 546553 452
187058 528232 470
401376 469699 449
250264 826009 470
558028 332765 470
732069 848995 525
384682 810460 470
895248 242586 525
638080 798499 468
334475 327509 353
837373 830112 419
479004 758719 470
624241 92204 470
68239 439740 449
164355 260418 443
908560 345351 525
352539 544849 470
756402 188085 470
939409 573627 525
358280 697519 470
612283 674454 447
721907 729091 411
236907 607599 470
79396 538936 470
215064 33163 383
97651 491429 449
15005 552856 470
255057 996343 525
796306 962131 525
807626 74755 470
119423 24667 354
476499 585881 470
573401 351914 470
992824 229922 525
35848 767727 470
802489 837874 525
325268 189801 443
768015 792465 437
90232 623263 470
667305 694739 442
143138 942812 525
874717 229329 525
52511 877265 525
302157 287778 398
308634 803526 470
753887 812958 468
193148 837571 470
121807 613127 470
213444 722704 470
331708 802617 470
410981 769278 470
686884 724822 442
360848 340717 441
175327 264748 443
393684 517940 470
384353 317592 441
501799 824904 470
321164 216401 443
298508 339749 384
375141 57871 443
809732 595448 468
525475 940450 525
657530 612335 447
562918 679842 447
531640 791824 468
988255 536875 525
94638 37354 351
936765 620251 525
335861 975434 525
187510 661453 470
247276 167903 443
735739 501724 470
826490 565837 468
9530 556673 470
516845 748363 452
44562 647063 470
855441 475153 525
588487 359648 470
135855 34365 354
603285 19557 470
174511 374610 443
596925 115732 470
132542 364451 443
305213 661229 470
690404 137822 470
265418 196175 443
658211 106264 470
625381 442499 470
608404 484094 470
505518 336907 449
155371 415376 449
698330 729801 420
390351 46823 443
495182 58994 449
74061 255705 443
91759 459779 449
550017 790121 468
385986 508027 449
544353 970380 525
215906 227722 386
733983 492543 470
354425 308518 441
889450 21541 525
594391 20816 470
982881 134573 525
616616 252564 470
9946 532379 470
672978 750622 442
80395 386170 443
855233 139711 525
165379 346966 443
529430 354027 470
578850 653346 447
200496 67818 383
734899 68628 470
370767 830598 470
556190 573300 421
446647 707005 470
553654 796583 468
5415 305045 443
94386 932798 525
115871 182358 383
575467 959651 525
451821 391709 449
901756 787369 525
949591 842776 476
746057 430167 470
923399 5792 525
148254 639609 470
147632 863654 525
892769 70700 525
392689 467493 449
741385 615574 442
335290 318411 384
811349 9348 470
776431 267570 470
930155 937715 430
801696 892616 525
504692 33954 449
993290 402690 525
156340 202106 370
625674 113601 470
333544 508815 449
782455 718991 468
915921 701104 525
3562 723600 470
653832 316249 470
881018 317799 525
753082 227510 470
655461 233866 470
923985 475215 525
85873 44153 351
924298 227486 525
76264 426308 449
628903 616785 385
101059 679888 470
638681 509582 470
334563 140642 443
509351 20942 449
60958 534706 470
219696 316901 443
227987 995129 525
328695 189656 443
235568 823512 470
786524 33270 470
48369 630624 470
283673 698184 470
82684 264601 443
588196 371345 470
157118 675986 470
539104 941071 525
265723 398345 441
828418 128107 470
832572 747011 468
564738 931962 525
347744 934704 525
781785 154235 470
830452 994597 525
280924 48855 443
828294 102634 470
86007 289389 443
855805 612253 525
313532 951936 525
676464 644195 429
574766 738324 447
10029 917831 525
229014 686944 470
830996 614118 468
947030 678737 525
229189 205796 386
801767 440746 470
201283 27019 383
661589 206717 470
407937 790681 470
771340 145931 470
936032 989311 458
687080 210510 470
921073 258718 525
553184 400235 470
287470 796086 470
69734 730875 470
298279 54909 443
112138 567424 470
517587 684895 452
848983 489157 525
181139 852963 525
930476 833356 525
438862 170354 449
563615 575856 421
226168 389556 443
359688 483768 449
237159 346612 441
486742 508608 426
766156 219706 470
806582 845488 525
426861 645110 470
279105 416811 449
968177 524002 525
928646 448248 525
300977 221649 443
314381 954088 525
529870 331359 470
643008 290247 470
287444 859860 525
855788 412535 525
412658 22522 449
731270 655513 442
461013 353073 449
908622 544577 525
553522 57717 470
497576 622260 470
256173 291627 416
951665 825409 525
838828 846035 401
413149 841933 525
333020 127247 443
912331 361293 525
442074 361724 449
832882 208533 470
974010 202143 525
592459 327246 470
793816 810565 468
496406 867774 525
641068 502143 470
911389 596211 525
791109 401454 470
230048 677055 470
834345 218561 470
339968 465515 449
152007 966523 525
860419 954897 476
127483 346251 443
978597 25030 525
177585 701198 470
240843 558375 470
541804 169367 470
719328 417656 470
948697 273459 525
393769 54587 443
53489 346274 443
176674 747667 470
805654 991808 525
553410 960513 525
221987 761616 470
195380 612209 470
487216 339839 449
746553 340496 470
915198 998520 476
415356 633879 470
332744 56922 443
689621 234703 470
71891 184878 383
353913 269758 441
969335 301252 525
638141 178405 470
373295 933923 525
137219 25685 354
973148 618953 525
105043 770731 470
434690 428917 396
549714 897135 525
113306 363372 443
169085 167257 334
822849 361980 470
710321 824266 468
905002 945834 476
297511 894089 525
8238 970844 525
347720 126379 443
563615 806996 468
294723 822804 470
56473 354275 443
655908 886616 525
13509 605574 470
71363 127965 354
621059 557395 447
149760 876511 525
133329 992153 525
131601 690637 470
705655 875908 525
829723 538320 468
420591 485022 444
421246 647828 470
824538 801265 450
333681 45488 443
564846 210812 470
441004 560034 470
125379 568896 470
447066 234759 449
310172 780360 470
355991 65638 443
220795 516109 470
558739 262013 470
385632 427101 449
358478 315169 441
961840 657019 525
405980 940875 525
845189 150158 525
850864 728254 525
927311 736425 525
652802 629335 425
566969 196461 470
373520 604947 470
175991 501478 449
615561 772672 468
154274 886172 525
273305 281799 389
682417 657529 398
640742 347899 470
677339 566026 447
125184 228658 386
742372 585469 447
620752 885404 525
932650 554028 525
577949 859812 525
869205 417937 525
296960 167829 443
531369 662463 452
314063 70236 443
797960 287558 470
353690 500983 449
959310 975028 458
450063 661327 470
508594 139496 449
325549 622960 470
252069 108250 443
32704 317635 443
739243 295936 470
440410 201191 449
173001 294561 443
835580 997723 525
415768 414833 312
339138 657062 470
362791 957692 525
212277 161431 373
491855 816604 470
294594 720233 470
323450 562932 470
855045 390452 525
904006 421681 525
682177 671977 385
585934 356185 470
812670 377416 470
205907 435608 449
526757 791532 468
343232 562356 470
957697 929234 445
440139 407821 449
450901 991596 525
944171 445598 525
180314 35057 383
424239 906563 525
773003 50290 470
511416 114790 449
20395 319423 443
212562 306808 443
137935 929751 525
263184 21120 443
737759 670577 442
30660 421228 449
867393 26399 525
38212 98668 351
581838 965181 525
715438 738736 424
905021 642609 525
586503 515309 452
790530 605089 468
715788 118169 470
577159 336568 470
731753 967665 525
668948 21777 470
332526 431968 449
149466 72218 375
72046 24222 340
832671 963164 525
525130 493469 470
307282 611786 470
910541 769754 525
975576 422508 525
356149 203383 443
132584 20985 354
793536 139365 470
918221 125303 525
617391 950508 525
301744 352598 441
910445 383791 525
679743 56356 470
185320 11387 383
450414 632646 470
89583 269498 443
345311 305179 384
930844 280847 525
15492 838093 525
563436 299029 470
676456 724744 442
224703 764495 470
682882 559104 447
81118 893678 525
313812 580604 470
490957 159083 449
571559 413612 470
82990 962472 525
54972 803463 470
331709 893384 525
644365 8813 470
920125 966465 476
400327 204368 443
271232 277820 389
148641 984839 525
468902 491990 422
147927 847922 525
875879 691442 525
210199 359908 443
983779 876274 476
482190 955970 525
82965 271866 443
342360 584981 470
113270 889643 525
35846 709213 470
575658 975446 525
44708 473372 449
320839 231502 416
270373 510966 449
399736 880859 525
566825 684239 447
247424 93159 443
846122 709465 525
721970 325396 470
113010 719858 470
253759 313394 416
28986 331787 443
967141 323179 525
721638 364708 470
650131 814750 468
916433 112493 525
343136 368090 441
902521 339781 525
302232 832611 470
72282 756828 470
236781 280485 416
824830 509135 470
883922 627122 525
722339 229049 470
388988 423865 449
457151 33927 449
9232 717919 470
829252 792443 468
784867 611156 468
123822 888523 525
381724 929348 525
460847 93407 449
543509 710138 452
21948 992240 525
498159 106110 449
128930 311009 443
127271 824450 470
172009 722772 470
758884 381680 470
704333 1364 470
261847 837009 470
946644 343092 525
124763 600066 470
271257 403208 441
136461 262944 443
314904 775512 470
952938 141289 525
769374 404917 470
358336 342264 441
430353 990102 525
810955 163043 470
387681 265533 441
489050 800137 470
822520 702123 468
457271 466076 444
317216 65118 443
257909 951630 525
852394 350847 525
202935 325130 443
331432 290805 384
777498 535599 468
840404 645712 525
75339 935454 525
653570 494864 470
28257 968273 525
776089 17365 470
69485 540422 470
901957 540503 525
894261 445759 525
583993 787133 468
370872 431371 449
422459 286522 449
109710 423625 449
895725 371246 525
178768 26665 383
363331 730653 470
309609 880967 525
346933 128635 443
353728 889582 525
815194 281927 470
198525 651152 470
505633 75641 449
674355 506385 470
608289 825683 468
257198 10859 443
670964 367387 470
712732 1785 470
444858 201746 449
94019 99302 328
646154 400979 470
727682 383073 470
623047 329339 470
242876 674356 470
242815 49931 443
840373 362776 525
852561 406150 525
207177 604777 470
544835 493308 470
77085 581552 470
531866 597491 452
82152 999950 525
170138 780277 470
777648 504818 470
509977 953030 525
467977 12714 449
820864 992762 525
358193 853603 525
286173 784570 470
13342 3755 276
302753 765244 470
142045 718482 470
641008 20872 470
318986 165217 443
862186 473245 525
390239 97872 443
48503 693837 470
377380 96069 443
38018 181212 383
657983 129622 470
976012 24119 525
115204 251119 443
690167 535186 452
789125 657281 468
160114 380951 443
386177 801461 470
947825 585664 525
272967 724658 470
59027 839597 525
277855 976252 525
112139 817054 470
22217 213194 383
362883 200395 443
83601 294438 443
299562 195991 443
28731 504437 449
925077 272737 525
159130 998890 525
711837 387375 470
409809 256795 441
902187 587511 525
469745 245821 449
768474 927485 525
506953 856481 525
712578 507130 470
198831 849650 525
7509 590990 470
639816 284647 470
621031 279737 470
834005 583875 468
324242 942570 525
784471 296987 470
33418 809663 470
715385 923818 525
463990 729887 470
664853 500140 470
157488 1095 383
318095 940482 525
700515 138917 470
26459 761140 470
512552 315750 470
363500 33239 443
649684 469074 470
360499 221339 443
270667 725411 470
475013 160024 449
788888 633888 468
251031 869654 525
306933 269200 416
540571 618421 452
871126 648778 525
167892 620832 470
529122 783994 468
491600 336693 449
394625 696560 470
914287 256694 525
334895 412895 449
995118 587244 525
607052 884042 525
865411 613835 525
93572 18503 351
547342 105104 470
707936 276993 470
446736 701285 470
498278 975340 525
444119 935079 525
39386 76005 340
377803 142092 443
832920 474510 470
200428 702784 470
78774 34240 351
607505 915813 525
754322 614709 447
911114 971490 476
209050 637190 470
733842 674955 442
426302 632475 470
290039 618570 470
757775 419207 470
151137 338817 443
594767 742973 447
880081 256311 525
803548 293959 470
897919 378714 525
688804 451178 470
422048 104336 449
116338 720061 470
923565 601111 525
273778 705794 470
333309 344791 366
147142 865666 525
156196 773036 470
541118 962234 525
749876 671884 442
71940 602189 470
7642 631478 470
722784 221250 470
926722 487594 525
543953 802030 468
574865 622384 447
321061 821716 470
727591 508425 470
505357 179924 449
197636 74109 383
236892 429550 449
636574 750927 442
830249 296348 470
661015 118378 470
458047 837824 525
865386 492808 525
638376 668693 429
526598 131901 470
780862 313954 470
257730 902805 525
84896 556084 470
49086 509786 449
56062 859833 525
746928 504078 470
79674 618689 470
808706 131159 470
807687 281031 470
724081 139631 470
418594 521260 470
270244 244844 407
610606 914218 525
692475 349854 470
941988 83985 525
350703 559075 470
229859 890869 525
682445 315240 470
129984 417261 449
553485 143719 470
393434 509199 449
37502 676910 470
83170 931645 525
312063 160677 443
842417 134211 525
247042 522427 470
113750 744465 470
698068 946978 525
974108 160748 525
800071 830299 450
694808 448727 470
875050 414106 525
697818 53581 470
678108 967873 525
292521 467025 449
677504 519559 452
378183 683972 470
196147 974963 525
533638 331897 470
773650 677624 468
464418 915837 525
733204 660437 442
111007 661666 470
921355 754489 525
623263 669444 429
380039 45197 443
654820 888030 525
948185 851737 476
630087 440771 470
117793 563436 470
843979 309312 525
842360 401149 525
483966 35237 449
789698 579397 468
819536 966405 525
117754 866267 525
936372 831299 525
953079 995584 458
656983 937289 525
381053 810168 470
58719 209968 383
876707 841581 432
685935 240506 470
256473 515586 470
570317 549064 421
383742 347992 423
501349 223880 449
628500 809230 468
558841 663583 447
62723 794320 470
984418 335206 525
397852 134723 443
773302 115634 470
157407 431453 449
428644 787709 470
211346 823080 470
736627 935881 525
373624 801885 470
579591 977350 525
765101 696226 424
550448 658433 447
230462 968823 525
498538 846968 525
185378 313144 443
454490 560992 470
791968 975205 525
279682 700835 470
565126 680302 447
603184 437348 470
411253 840679 525
434760 799882 470
626354 396500 470
265707 403386 441
328854 950335 525
865421 388044 525
927786 771756 525
837164 259097 470
585133 149423 470
650811 808352 468
516185 631217 452
241958 336671 416
370946 4192 443
931158 951669 445
694753 763403 424
459975 32088 449
780495 826809 468
847508 147758 525
766841 656495 442
631973 409042 470
949988 746481 525
892591 492146 525
852306 689429 525
985912 147675 525
844849 419295 525
711116 342446 470
716671 301641 470
694465 832016 468
31592 917672 525
213331 142733 383
821099 216768 470
260701 505670 449
436735 376048 449
527680 360282 470
741762 733152 424
850017 973817 476
397454 829607 470
974684 841284 476
503513 379481 449
994649 308236 525
964069 807657 525
611362 99880 470
832633 285343 470
7968 314893 443
27510 55198 340
332745 713817 470
29475 569063 470
205514 454980 449
660497 237158 470
238331 60631 443
338170 816561 470
996392 214691 525
291419 950260 525
871469 63516 525
808687 381044 470
9327 562611 470
520060 462062 470
88036 648087 470
876708 846662 432
165438 59322 383
828919 515542 468
735143 992246 525
864489 385213 525
321224 650072 470
36254 156308 383
503433 545004 470
42478 450627 449
45770 636937 470
721886 706467 420
725521 543915 452
336209 766768 470
587822 639322 447
52078 65138 340
844371 410430 525
874124 797568 525
814366 487233 470
117837 817578 470
469309 220024 449
234575 381705 441
289220 939393 525
18025 251816 443
303832 461113 449
321288 3995 443
304146 436110 449
175050 371353 443
888791 492556 525
967715 391195 525
785168 11671 470
657786 697830 442
521987 355529 470
447845 401198 449
227527 424260 449
61900 754166 470
782827 776380 437
38845 78047 351
640329 768572 468
77499 780589 470
678447 333778 470
37934 654481 470
277737 490417 449
27770 773000 470
295687 127573 443
479396 225737 449
969997 153647 525
713459 941710 525
72447 561079 470
531951 5303 470
111331 119734 349
561473 976759 525
738852 162120 470
76690 838470 525
5557 555535 470
65908 154963 375
450717 645000 470
362675 170 443
844551 653560 525
860647 625352 525
4601 179178 383
271871 387682 441
212722 168490 373
193924 33714 383
825510 31586 470
877291 65229 525
171977 298183 443
40273 660905 470
14239 474026 449
216127 809566 470
135479 297661 443
433597 863920 525
496671 676959 470
785003 688266 468
777593 285348 470
667096 23654 470
247643 508649 449
233298 771292 470
771986 762990 468
96201 39780 351
738767 272696 470
232701 232364 262
829252 898361 525
605459 443867 470
757815 692606 424
607537 644969 447
734745 586565 447
20052 230813 443
188994 970129 525
981843 108870 525
370550 995715 525
592882 727658 447
73437 550525 470
936506 821125 525
976752 181936 525
412482 151587 449
158118 910097 525
863205 678416 525
506109 169533 449
956250 285001 525
549114 180629 470
793669 88535 470
354227 382402 423
715961 340795 470
990688 377306 525
306117 460367 449
550468 735230 447
4485 854988 525
962466 760604 525
801179 132454 470
400235 910964 525
278854 119992 443
443674 28837 449
553598 349957 470
735729 451371 470
317961 97664 443
676850 840363 525
271644 889036 525
105767 122405 354
68024 23268 340
775433 891175 525
765655 262247 470
659937 95708 470
764827 656608 442
246871 152746 443
